2026-05-18 21:22:49,412 [ERROR] Fatal unhandled error: Traceback (most recent call last):
  File "e:\Aram-main\ARAM(GUI_Version_8.1).py", line 1209, in <module>
    ARAMWindow(root)
    ~~~~~~~~~~^^^^^^
  File "e:\Aram-main\ARAM(GUI_Version_8.1).py", line 332, in __init__
    self._setup_gui()
    ~~~~~~~~~~~~~~~^^
  File "e:\Aram-main\ARAM(GUI_Version_8.1).py", line 653, in _setup_gui
    accordion = Accordion(
        scrollable_frame,
    ...<3 lines>...
        bg="white"
    )
  File "e:\Aram-main\ARAM(GUI_Version_8.1).py", line 203, in __init__
    self._build()
    ~~~~~~~~~~~^^
  File "e:\Aram-main\ARAM(GUI_Version_8.1).py", line 231, in _build
    header = tk.Button(self, text=title, anchor="w", bg=bg, fg=fg,
                                                        ^^
NameError: name 'bg' is not defined

